{
  "stats": {
    "suites": 1,
    "tests": 2,
    "passes": 2,
    "pending": 0,
    "failures": 0,
    "start": "2022-04-27T06:36:05.768Z",
    "end": "2022-04-27T06:36:18.820Z",
    "duration": 13052,
    "testsRegistered": 2,
    "passPercent": 100,
    "pendingPercent": 0,
    "other": 0,
    "hasOther": false,
    "skipped": 0,
    "hasSkipped": false
  },
  "results": [
    {
      "uuid": "cbd0ce09-2310-4d92-8b8e-618f40cf23a3",
      "title": "",
      "fullFile": "cypress/integration/api.spec.js",
      "file": "cypress/integration/api.spec.js",
      "beforeHooks": [],
      "afterHooks": [],
      "tests": [],
      "suites": [
        {
          "uuid": "bc8843d3-1925-4290-a429-10584c06ad24",
          "title": "Network Requests",
          "fullFile": "",
          "file": "",
          "beforeHooks": [],
          "afterHooks": [],
          "tests": [
            {
              "title": "Add to Cart",
              "fullTitle": "Network Requests Add to Cart",
              "timedOut": null,
              "duration": 8059,
              "state": "passed",
              "speed": "medium",
              "pass": true,
              "fail": false,
              "pending": false,
              "context": null,
              "code": "cy.request('POST', 'https://www.officemate.co.th/api/cart/addToCart').should(response => {\n  expect(response.status).to.eq(200);\n  expect(response.body).to.have.property('cartItem');\n});",
              "err": {},
              "uuid": "24e2397a-adf4-461b-81a1-bd90288fa44d",
              "parentUUID": "bc8843d3-1925-4290-a429-10584c06ad24",
              "isHook": false,
              "skipped": false
            },
            {
              "title": "Check Cart",
              "fullTitle": "Network Requests Check Cart",
              "timedOut": null,
              "duration": 4878,
              "state": "passed",
              "speed": "fast",
              "pass": true,
              "fail": false,
              "pending": false,
              "context": null,
              "code": "cy.request('GET', 'https://www.officemate.co.th/api/cart?cartId=82582331&reload=true') //   cy.request('https://jsonplaceholder.cypress.io/comments')\n.should(response => {\n  expect(response.status).to.eq(200); //   expect(response.body).has.property('qty','1')\n  expect(response.body).to.have.property('cart');\n});",
              "err": {},
              "uuid": "2762404e-768c-4c65-a8ee-be013a090992",
              "parentUUID": "bc8843d3-1925-4290-a429-10584c06ad24",
              "isHook": false,
              "skipped": false
            }
          ],
          "suites": [],
          "passes": [
            "24e2397a-adf4-461b-81a1-bd90288fa44d",
            "2762404e-768c-4c65-a8ee-be013a090992"
          ],
          "failures": [],
          "pending": [],
          "skipped": [],
          "duration": 12937,
          "root": false,
          "rootEmpty": false,
          "_timeout": 2000
        }
      ],
      "passes": [],
      "failures": [],
      "pending": [],
      "skipped": [],
      "duration": 0,
      "root": true,
      "rootEmpty": true,
      "_timeout": 2000
    }
  ],
  "meta": {
    "mocha": {
      "version": "7.0.1"
    },
    "mochawesome": {
      "options": {
        "quiet": false,
        "reportFilename": "mochawesome",
        "saveHtml": true,
        "saveJson": true,
        "consoleReporter": "spec",
        "useInlineDiffs": false,
        "code": true
      },
      "version": "7.1.3"
    },
    "marge": {
      "options": {
        "reportDir": "cypress/results",
        "overwrite": false,
        "html": true,
        "json": true
      },
      "version": "6.2.0"
    }
  }
}