{
  "stats": {
    "suites": 1,
    "tests": 4,
    "passes": 3,
    "pending": 0,
    "failures": 1,
    "start": "2022-04-26T19:48:38.705Z",
    "end": "2022-04-26T19:49:58.614Z",
    "duration": 79909,
    "testsRegistered": 4,
    "passPercent": 75,
    "pendingPercent": 0,
    "other": 0,
    "hasOther": false,
    "skipped": 0,
    "hasSkipped": false
  },
  "results": [
    {
      "uuid": "4b5814c7-d17d-4f15-b8d6-2c45656a5a58",
      "title": "",
      "fullFile": "cypress/integration/cart.spec.js",
      "file": "cypress/integration/cart.spec.js",
      "beforeHooks": [],
      "afterHooks": [],
      "tests": [],
      "suites": [
        {
          "uuid": "c98bddd7-582d-4c8a-b4f5-9d76c16070fa",
          "title": "Verifying from adding item to Checkout functional",
          "fullFile": "",
          "file": "",
          "beforeHooks": [],
          "afterHooks": [],
          "tests": [
            {
              "title": "Add One item to Cart from Copier Paper page",
              "fullTitle": "Verifying from adding item to Checkout functional Add One item to Cart from Copier Paper page",
              "timedOut": null,
              "duration": 12011,
              "state": "passed",
              "speed": "slow",
              "pass": true,
              "fail": false,
              "pending": false,
              "context": null,
              "code": "cy.AddItemToCart('/office-supplies/paper/copier-paper');\ncy.get('[data-testid=\"btn-viewMainHeader-CartQty\"]').should(() => {\n  expect(localStorage.getItem('snapinsPc')).to.eq('1');\n}); // Cart Icon shows as 1\ncy.get('[data-testid=\"btn-viewMainHeader-CartQty\"]', {\n  timeout: 10000\n}).should('contain', '1');",
              "err": {},
              "uuid": "85a1c989-ad97-49a2-8d08-7e9e4749f720",
              "parentUUID": "c98bddd7-582d-4c8a-b4f5-9d76c16070fa",
              "isHook": false,
              "skipped": false
            },
            {
              "title": "Verify at Cart Page after Adding One item to Cart",
              "fullTitle": "Verifying from adding item to Checkout functional Verify at Cart Page after Adding One item to Cart",
              "timedOut": null,
              "duration": 15313,
              "state": "passed",
              "speed": "slow",
              "pass": true,
              "fail": false,
              "pending": false,
              "context": null,
              "code": "// cy.visit('/office-supplies/paper/copier-paper')\n// cy.contains('Add to cart').first().click()\ncy.AddItemToCart('/office-supplies/paper/copier-paper'); // Verify Cart page\ncy.visit('/cart'); // cy.get('#txt-AddToCartQty-OFM5010111', {timeout: 10000}).should('have.value', '1')\ncy.get('[id*=txt-AddToCartQty]', {\n  timeout: 10000\n}).should('have.value', '1'); // cy.get('._3LJO1 > ._3hiFF').invoke(\"val\")\n// .then(($price) => {\n//   // $span is the object that the previous command yielded\n//   titleText = $title.text();\n//   cy.log(titleText);\n// });\n// cy.get('#lbl-CartSummary-GrandTotal').should('contain', '555').and(($GrandTotal) => {\n//   expect(localStorage.getItem('snapinsPc')).to.eq('2')\n// const normalizeText = (s) => s.replace(/\\s/g, '').toLowerCase()\n// let titleText\n// cy.get('._3LJO1 > ._3hiFF')\n//   // .find('._3LJO1 > ._3hiFF')\n//   .find('._3hiFF._3q9JJ')\n//   // cy.get('._3LJO1 > ._3hiFF')\n//   .then(($title) => {\n//     // save text from the first element\n//     titleText = normalizeText($title.text())\n//   })\n//   .log(titleText)\n// Check IF Price in cart is matched with Grand Total \ncy.get('#lbl-CartSummary-GrandTotal').should('be.visible'); // .find('lbl-CartSummary-GrandTotal')\n// .should(($identifier) => {\n//   // we can massage text before comparing\n//   const idText = normalizeText($identifier.text())\n//   // text from the title element should already be set\n//   expect(idText, 'ID').to.equal(titleText)\n// })\n// })",
              "err": {},
              "uuid": "157fab69-0408-45a3-b4c2-066303ca0113",
              "parentUUID": "c98bddd7-582d-4c8a-b4f5-9d76c16070fa",
              "isHook": false,
              "skipped": false
            },
            {
              "title": "Verify Delivery Details at Checkout page",
              "fullTitle": "Verifying from adding item to Checkout functional Verify Delivery Details at Checkout page",
              "timedOut": null,
              "duration": 20803,
              "state": "failed",
              "speed": null,
              "pass": false,
              "fail": true,
              "pending": false,
              "context": null,
              "code": "// cy.visit('/office-supplies/paper/copier-paper')\n// cy.contains('Add to cart').first().click()\ncy.AddItemToCart('/office-supplies/paper/copier-paper'); // Verify Delivery Details page\ncy.visit('/checkout');\ncy.contains('Delivery Details').should('be.visible');\ncy.contains('Specify Delivery Information').should('be.visible'); // click Standard Home Delivery\ncy.FillingDelivery(); // cy.get('[data-testid=\"chk-checkout-selectShippingMethod-ofm\"]', {timeout: 10000}).should('be.visible').click()\n// // Filling Section\n// cy.contains('Specify Delivery Information').should('be.visible')\n// cy.get('#txt-guestDeliveryAddressForm-firstName').clear().type('Pepe')\n// cy.get('#txt-guestDeliveryAddressForm-lastName').clear().type('Demo')\n// cy.get('#txt-guestDeliveryAddressForm-phone').clear().type('0123456789')\n// cy.get('#txt-guestDeliveryAddressForm-email').clear().type('Pepe@test.com')\n// cy.get('#txt-guestDeliveryAddressForm-address').clear().type('Pepe house')\n// cy.get('#txt-guestDeliveryAddressForm-zipCode').clear().type('57000{enter}').click()\n// cy.get('#sel-guestDeliveryAddressForm-region').select('Chiang Rai')\n// cy.get('#sel-guestDeliveryAddressForm-district').select('Mae Lao')\n// cy.get('#sel-guestDeliveryAddressForm-subDistrict').select('Pong Phrae')\n// Invoice Section\ncy.contains('Tax invoice Address').should('be.visible'); // check same as\n// cy.get('#chk-checkout-selectSameShippingAddress').click()\n// cy.get('#txt-guestBillingAddressForm-address')\n// cy.get('#txt-guestBillingAddressForm-zipCode').should('have.value', '57000')\n// Go to Payment page\ncy.get('#btn-checkoutToPaymentPage').scrollIntoView().click({\n  force: true\n});\ncy.wait(3000); // cy.get('#btn-checkoutToPaymentPage').click({ force: true })\ncy.url({\n  timeout: 10000\n}).should('include', '/payment');",
              "err": {
                "message": "AssertionError: Timed out retrying after 10000ms: Expected to find element: `[data-testid=\"chk-checkout-selectShippingMethod-ofm\"]`, but never found it.",
                "estack": "AssertionError: Timed out retrying after 10000ms: Expected to find element: `[data-testid=\"chk-checkout-selectShippingMethod-ofm\"]`, but never found it.\n    at Context.eval (https://www.officemate.co.th/__cypress/tests?p=cypress\\support\\index.js:132:6)",
                "diff": null
              },
              "uuid": "88a33c4d-c9e4-41e1-8e71-e01bdbbd7410",
              "parentUUID": "c98bddd7-582d-4c8a-b4f5-9d76c16070fa",
              "isHook": false,
              "skipped": false
            },
            {
              "title": "Verify Payment page",
              "fullTitle": "Verifying from adding item to Checkout functional Verify Payment page",
              "timedOut": null,
              "duration": 31275,
              "state": "passed",
              "speed": "slow",
              "pass": true,
              "fail": false,
              "pending": false,
              "context": null,
              "code": "cy.AddItemToCart('/office-supplies/paper/copier-paper');\ncy.visit('/checkout');\ncy.FillingDelivery();\ncy.get('#btn-checkoutToPaymentPage').scrollIntoView().click({\n  force: true\n}); //Verify Payment\ncy.visit('/checkout/payment');\ncy.contains('Select you payment option').should('be.visible');\ncy.get('#btn-PaymentMethod-payment_service_bank_transfer').should('be.visible');\ncy.get('#btn-PaymentMethod-payment_service_fullpayment').should('be.visible');",
              "err": {},
              "uuid": "a38c164e-8af6-43e8-b48c-3c4847ea36b1",
              "parentUUID": "c98bddd7-582d-4c8a-b4f5-9d76c16070fa",
              "isHook": false,
              "skipped": false
            }
          ],
          "suites": [],
          "passes": [
            "85a1c989-ad97-49a2-8d08-7e9e4749f720",
            "157fab69-0408-45a3-b4c2-066303ca0113",
            "a38c164e-8af6-43e8-b48c-3c4847ea36b1"
          ],
          "failures": [
            "88a33c4d-c9e4-41e1-8e71-e01bdbbd7410"
          ],
          "pending": [],
          "skipped": [],
          "duration": 79402,
          "root": false,
          "rootEmpty": false,
          "_timeout": 2000
        }
      ],
      "passes": [],
      "failures": [],
      "pending": [],
      "skipped": [],
      "duration": 0,
      "root": true,
      "rootEmpty": true,
      "_timeout": 2000
    }
  ],
  "meta": {
    "mocha": {
      "version": "7.0.1"
    },
    "mochawesome": {
      "options": {
        "quiet": false,
        "reportFilename": "mochawesome",
        "saveHtml": true,
        "saveJson": true,
        "consoleReporter": "spec",
        "useInlineDiffs": false,
        "code": true
      },
      "version": "7.1.3"
    },
    "marge": {
      "options": {
        "reportDir": "cypress/results",
        "overwrite": false,
        "html": true,
        "json": true
      },
      "version": "6.2.0"
    }
  }
}